빌드 시작: 2019-09-24 오후 4:44:43
     1>2 노드의 "D:\JavaWeb-190916\cStudy\Part7-구조체\Part7-구조체\Part7-구조체.vcxproj" 프로젝트(build 대상)입니다.
     1>InitializeBuildStatus:
         "AlwaysCreate"이(가) 지정되었기 때문에 "Debug\Part7-구조체.unsuccessfulbuild"을(를) 만들고 있습니다.
       ClCompile:
         모든 출력이 최신 상태입니다.
       ManifestResourceCompile:
         모든 출력이 최신 상태입니다.
       Link:
         C:\Program Files (x86)\Microsoft Visual Studio 10.0\VC\bin\link.exe /ERRORREPORT:PROMPT /OUT:"D:\JavaWeb-190916\cStudy\Part7-구조체\Debug\Part7-구조체.exe" /INCREMENTAL /NOLOGO kernel32.lib user32.lib gdi32.lib winspool.lib comdlg32.lib advapi32.lib shell32.lib ole32.lib oleaut32.lib uuid.lib odbc32.lib odbccp32.lib /MANIFEST /ManifestFile:"Debug\Part7-구조체.exe.intermediate.manifest" /MANIFESTUAC:"level='asInvoker' uiAccess='false'" /DEBUG /PDB:"D:\JavaWeb-190916\cStudy\Part7-구조체\Debug\Part7-구조체.pdb" /SUBSYSTEM:CONSOLE /TLBID:1 /DYNAMICBASE /NXCOMPAT /IMPLIB:"D:\JavaWeb-190916\cStudy\Part7-구조체\Debug\Part7-구조체.lib" /MACHINE:X86 "Debug\Part7-구조체.exe.embed.manifest.res"
         Debug\07_test04.obj
       Manifest:
         C:\Program Files (x86)\Microsoft SDKs\Windows\v7.0A\bin\mt.exe /nologo /verbose /out:"Debug\Part7-구조체.exe.embed.manifest" /manifest "Debug\Part7-구조체.exe.intermediate.manifest"
         모든 출력이 최신 상태입니다.
       LinkEmbedManifest:
         모든 출력이 최신 상태입니다.
         Part7-구조체.vcxproj -> D:\JavaWeb-190916\cStudy\Part7-구조체\Debug\Part7-구조체.exe
       FinalizeBuildStatus:
         "Debug\Part7-구조체.unsuccessfulbuild" 파일을 삭제하고 있습니다.
         "Debug\Part7-구조체.lastbuildstate"에 연결(touching)하고 있습니다.
     1>"D:\JavaWeb-190916\cStudy\Part7-구조체\Part7-구조체\Part7-구조체.vcxproj" 프로젝트를 빌드했습니다(build 대상).

빌드했습니다.

경과 시간: 00:00:00.29
